TN:
SF:schema.js
FNF:0
FNH:0
DA:2,1
DA:4,1
DA:54,1
DA:56,1
LF:4
LH:4
BRF:0
BRH:0
end_of_record
TN:
SF:spec\addContactNumber.spec.js
FN:14,(anonymous_0)
FN:15,(anonymous_1)
FN:18,(anonymous_2)
FN:26,(anonymous_3)
FN:38,(anonymous_4)
FN:51,(anonymous_5)
FN:52,(anonymous_6)
FN:55,(anonymous_7)
FN:63,(anonymous_8)
FN:75,(anonymous_9)
FN:86,(anonymous_10)
FN:96,(anonymous_11)
FN:108,(anonymous_12)
FN:109,(anonymous_13)
FN:112,(anonymous_14)
FN:118,(anonymous_15)
FN:124,(anonymous_16)
FNF:17
FNH:17
FNDA:1,(anonymous_0)
FNDA:3,(anonymous_1)
FNDA:1,(anonymous_2)
FNDA:1,(anonymous_3)
FNDA:1,(anonymous_4)
FNDA:1,(anonymous_5)
FNDA:5,(anonymous_6)
FNDA:1,(anonymous_7)
FNDA:1,(anonymous_8)
FNDA:1,(anonymous_9)
FNDA:1,(anonymous_10)
FNDA:1,(anonymous_11)
FNDA:1,(anonymous_12)
FNDA:3,(anonymous_13)
FNDA:1,(anonymous_14)
FNDA:1,(anonymous_15)
FNDA:1,(anonymous_16)
DA:4,1
DA:8,1
DA:10,1
DA:12,1
DA:14,1
DA:15,1
DA:16,3
DA:18,1
DA:19,1
DA:20,1
DA:21,1
DA:23,1
DA:26,1
DA:27,1
DA:30,1
DA:31,1
DA:35,1
DA:38,1
DA:39,1
DA:42,1
DA:43,1
DA:47,1
DA:51,1
DA:52,1
DA:53,5
DA:55,1
DA:56,1
DA:57,1
DA:58,1
DA:60,1
DA:63,1
DA:64,1
DA:67,1
DA:68,1
DA:72,1
DA:75,1
DA:76,1
DA:79,1
DA:80,1
DA:84,1
DA:86,1
DA:87,1
DA:90,1
DA:91,1
DA:94,1
DA:96,1
DA:97,1
DA:100,1
DA:101,1
DA:104,1
DA:108,1
DA:109,1
DA:110,3
DA:112,1
DA:113,1
DA:114,1
DA:115,1
DA:116,1
DA:118,1
DA:119,1
DA:121,1
DA:122,1
DA:124,1
DA:125,1
DA:126,1
DA:127,1
LF:66
LH:66
BRF:0
BRH:0
end_of_record
TN:
SF:spec\alertmessage.spec.js
FN:24,(anonymous_0)
FN:25,(anonymous_1)
FN:28,(anonymous_2)
FN:34,(anonymous_3)
FN:39,(anonymous_4)
FN:45,(anonymous_5)
FN:46,(anonymous_6)
FN:49,(anonymous_7)
FN:55,(anonymous_8)
FNF:9
FNH:9
FNDA:1,(anonymous_0)
FNDA:3,(anonymous_1)
FNDA:1,(anonymous_2)
FNDA:1,(anonymous_3)
FNDA:1,(anonymous_4)
FNDA:1,(anonymous_5)
FNDA:2,(anonymous_6)
FNDA:1,(anonymous_7)
FNDA:1,(anonymous_8)
DA:5,1
DA:7,1
DA:9,1
DA:12,1
DA:13,1
DA:14,1
DA:24,1
DA:25,1
DA:26,3
DA:28,1
DA:29,1
DA:31,1
DA:32,1
DA:34,1
DA:35,1
DA:37,1
DA:39,1
DA:41,1
DA:42,1
DA:45,1
DA:46,1
DA:47,2
DA:49,1
DA:50,1
DA:52,1
DA:53,1
DA:55,1
DA:56,1
DA:58,1
LF:29
LH:29
BRF:0
BRH:0
end_of_record
TN:
SF:spec\call-handler.spec.js
FN:8,(anonymous_0)
FN:9,(anonymous_1)
FN:13,(anonymous_2)
FNF:3
FNH:3
FNDA:1,(anonymous_0)
FNDA:1,(anonymous_1)
FNDA:1,(anonymous_2)
DA:3,1
DA:4,1
DA:6,1
DA:8,1
DA:9,1
DA:10,1
DA:13,1
DA:14,1
DA:15,1
DA:16,1
DA:17,1
LF:11
LH:11
BRF:0
BRH:0
end_of_record
TN:
SF:spec\callContactNumber.spec.js
FN:11,(anonymous_0)
FN:12,(anonymous_1)
FN:15,(anonymous_2)
FN:22,(anonymous_3)
FN:28,(anonymous_4)
FN:35,(anonymous_5)
FN:41,(anonymous_6)
FNF:7
FNH:7
FNDA:1,(anonymous_0)
FNDA:5,(anonymous_1)
FNDA:1,(anonymous_2)
FNDA:1,(anonymous_3)
FNDA:1,(anonymous_4)
FNDA:1,(anonymous_5)
FNDA:1,(anonymous_6)
DA:5,1
DA:6,1
DA:7,1
DA:9,1
DA:11,1
DA:12,1
DA:13,5
DA:15,1
DA:16,1
DA:17,1
DA:18,1
DA:20,1
DA:22,1
DA:23,1
DA:24,1
DA:25,1
DA:26,1
DA:28,1
DA:29,1
DA:32,1
DA:33,1
DA:35,1
DA:36,1
DA:37,1
DA:39,1
DA:41,1
DA:42,1
DA:43,1
DA:45,1
LF:29
LH:29
BRF:0
BRH:0
end_of_record
TN:
SF:spec\deleteCallNumber.spec.js
FN:7,(anonymous_0)
FN:8,(anonymous_1)
FN:11,(anonymous_2)
FN:17,(anonymous_3)
FNF:4
FNH:4
FNDA:1,(anonymous_0)
FNDA:2,(anonymous_1)
FNDA:1,(anonymous_2)
FNDA:1,(anonymous_3)
DA:2,1
DA:3,1
DA:4,1
DA:6,1
DA:7,1
DA:8,1
DA:9,2
DA:11,1
DA:12,1
DA:13,1
DA:14,1
DA:15,1
DA:17,1
DA:18,1
DA:19,1
LF:15
LH:15
BRF:0
BRH:0
end_of_record
TN:
SF:spec\deleteContactNumber1.spec.js
FN:7,(anonymous_0)
FN:8,(anonymous_1)
FN:11,(anonymous_2)
FN:17,(anonymous_3)
FNF:4
FNH:4
FNDA:1,(anonymous_0)
FNDA:2,(anonymous_1)
FNDA:1,(anonymous_2)
FNDA:1,(anonymous_3)
DA:2,1
DA:3,1
DA:4,1
DA:6,1
DA:7,1
DA:8,1
DA:9,2
DA:11,1
DA:12,1
DA:13,1
DA:14,1
DA:15,1
DA:17,1
DA:18,1
DA:19,1
LF:15
LH:15
BRF:0
BRH:0
end_of_record
TN:
SF:spec\deleteContactNumber2.spec.js
FN:7,(anonymous_0)
FN:8,(anonymous_1)
FN:11,(anonymous_2)
FN:17,(anonymous_3)
FNF:4
FNH:4
FNDA:1,(anonymous_0)
FNDA:2,(anonymous_1)
FNDA:1,(anonymous_2)
FNDA:1,(anonymous_3)
DA:2,1
DA:3,1
DA:4,1
DA:6,1
DA:7,1
DA:8,1
DA:9,2
DA:11,1
DA:12,1
DA:13,1
DA:14,1
DA:15,1
DA:17,1
DA:18,1
DA:19,1
DA:20,1
DA:21,1
LF:17
LH:17
BRF:0
BRH:0
end_of_record
TN:
SF:spec\deleteContactNumber3.spec.js
FN:7,(anonymous_0)
FN:8,(anonymous_1)
FN:11,(anonymous_2)
FN:17,(anonymous_3)
FNF:4
FNH:4
FNDA:1,(anonymous_0)
FNDA:2,(anonymous_1)
FNDA:1,(anonymous_2)
FNDA:1,(anonymous_3)
DA:2,1
DA:3,1
DA:4,1
DA:6,1
DA:7,1
DA:8,1
DA:9,2
DA:11,1
DA:12,1
DA:13,1
DA:14,1
DA:15,1
DA:17,1
DA:18,1
DA:19,1
DA:20,1
DA:21,1
LF:17
LH:17
BRF:0
BRH:0
end_of_record
TN:
SF:spec\updateContact.spec.js
FN:8,(anonymous_0)
FN:9,(anonymous_1)
FN:12,(anonymous_2)
FN:18,(anonymous_3)
FN:24,(anonymous_4)
FN:30,(anonymous_5)
FN:36,(anonymous_6)
FN:42,(anonymous_7)
FNF:8
FNH:8
FNDA:1,(anonymous_0)
FNDA:6,(anonymous_1)
FNDA:1,(anonymous_2)
FNDA:1,(anonymous_3)
FNDA:1,(anonymous_4)
FNDA:1,(anonymous_5)
FNDA:1,(anonymous_6)
FNDA:1,(anonymous_7)
DA:2,1
DA:3,1
DA:4,1
DA:6,1
DA:8,1
DA:9,1
DA:10,6
DA:12,1
DA:13,1
DA:14,1
DA:15,1
DA:18,1
DA:20,1
DA:21,1
DA:22,1
DA:24,1
DA:25,1
DA:26,1
DA:27,1
DA:30,1
DA:32,1
DA:33,1
DA:34,1
DA:36,1
DA:37,1
DA:38,1
DA:39,1
DA:42,1
DA:43,1
DA:44,1
DA:45,1
LF:31
LH:31
BRF:0
BRH:0
end_of_record
TN:
SF:spec\userRegister.spec.js
FN:12,(anonymous_0)
FN:13,(anonymous_1)
FN:16,(anonymous_2)
FN:24,(anonymous_3)
FN:31,(anonymous_4)
FN:40,(anonymous_5)
FN:41,(anonymous_6)
FN:44,(anonymous_7)
FN:50,(anonymous_8)
FN:54,(anonymous_9)
FN:58,(anonymous_10)
FN:64,(anonymous_11)
FN:65,(anonymous_12)
FN:68,(anonymous_13)
FN:72,(anonymous_14)
FNF:15
FNH:15
FNDA:1,(anonymous_0)
FNDA:3,(anonymous_1)
FNDA:1,(anonymous_2)
FNDA:1,(anonymous_3)
FNDA:1,(anonymous_4)
FNDA:1,(anonymous_5)
FNDA:4,(anonymous_6)
FNDA:1,(anonymous_7)
FNDA:1,(anonymous_8)
FNDA:1,(anonymous_9)
FNDA:1,(anonymous_10)
FNDA:1,(anonymous_11)
FNDA:2,(anonymous_12)
FNDA:1,(anonymous_13)
FNDA:1,(anonymous_14)
DA:4,1
DA:7,1
DA:8,1
DA:10,1
DA:12,1
DA:13,1
DA:14,3
DA:16,1
DA:17,1
DA:18,1
DA:20,1
DA:21,1
DA:24,1
DA:25,1
DA:26,1
DA:27,1
DA:28,1
DA:31,1
DA:32,1
DA:33,1
DA:34,1
DA:35,1
DA:36,1
DA:40,1
DA:41,1
DA:42,4
DA:44,1
DA:45,1
DA:46,1
DA:47,1
DA:48,1
DA:50,1
DA:51,1
DA:52,1
DA:54,1
DA:55,1
DA:56,1
DA:58,1
DA:59,1
DA:60,1
DA:64,1
DA:65,1
DA:66,2
DA:68,1
DA:69,1
DA:70,1
DA:72,1
DA:73,1
DA:74,1
LF:49
LH:49
BRF:0
BRH:0
end_of_record
TN:
SF:spec\viewcontact.spec.js
FN:9,(anonymous_0)
FN:10,(anonymous_1)
FN:14,(anonymous_2)
FN:20,(anonymous_3)
FN:25,(anonymous_4)
FNF:5
FNH:5
FNDA:1,(anonymous_0)
FNDA:3,(anonymous_1)
FNDA:1,(anonymous_2)
FNDA:1,(anonymous_3)
FNDA:1,(anonymous_4)
DA:3,1
DA:4,1
DA:5,1
DA:8,1
DA:9,1
DA:10,1
DA:11,3
DA:14,1
DA:16,1
DA:17,1
DA:20,1
DA:21,1
DA:22,1
DA:23,1
DA:25,1
DA:26,1
DA:27,1
DA:28,1
LF:18
LH:18
BRF:0
BRH:0
end_of_record
TN:
SF:src\call-handler.js
FN:1,(anonymous_0)
FNF:1
FNH:1
FNDA:2,(anonymous_0)
DA:1,1
DA:2,2
DA:3,1
DA:4,1
DA:5,0
DA:8,1
LF:6
LH:5
BRF:0
BRH:0
end_of_record
TN:
SF:testFunctions\addContactNumber.js
FN:39,updateFunction1
FN:44,updateFunction2
FN:49,updateFunction3
FN:54,(anonymous_3)
FN:76,(anonymous_4)
FNF:5
FNH:5
FNDA:3,updateFunction1
FNDA:2,updateFunction2
FNDA:2,updateFunction3
FNDA:6,(anonymous_3)
FNDA:3,(anonymous_4)
DA:37,1
DA:40,3
DA:41,3
DA:45,2
DA:46,2
DA:50,2
DA:51,2
DA:54,1
DA:55,6
DA:56,2
DA:57,2
DA:58,4
DA:59,1
DA:60,1
DA:61,3
DA:62,1
DA:63,1
DA:64,2
DA:65,1
DA:67,1
DA:76,1
DA:77,3
DA:78,1
DA:79,1
DA:80,1
DA:82,2
DA:86,1
LF:27
LH:27
BRDA:55,0,0,2
BRDA:55,0,1,4
BRDA:58,1,0,1
BRDA:58,1,1,3
BRDA:58,2,0,4
BRDA:58,2,1,4
BRDA:61,3,0,1
BRDA:61,3,1,2
BRDA:61,4,0,3
BRDA:61,4,1,3
BRDA:61,4,2,3
BRDA:64,5,0,1
BRDA:64,5,1,1
BRDA:64,6,0,2
BRDA:64,6,1,1
BRDA:64,6,2,1
BRDA:64,6,3,1
BRDA:77,7,0,1
BRDA:77,7,1,2
BRDA:77,8,0,3
BRDA:77,8,1,3
BRDA:77,8,2,3
BRDA:77,8,3,1
BRDA:77,8,4,1
BRF:24
BRH:24
end_of_record
TN:
SF:testFunctions\alertmessage.js
FN:5,(anonymous_0)
FN:5,(anonymous_1)
FN:7,(anonymous_2)
FN:10,(anonymous_3)
FN:16,(anonymous_4)
FNF:5
FNH:5
FNDA:2,(anonymous_0)
FNDA:2,(anonymous_1)
FNDA:1,(anonymous_2)
FNDA:1,(anonymous_3)
FNDA:3,(anonymous_4)
DA:3,1
DA:5,2
DA:6,2
DA:8,1
DA:11,1
DA:16,1
DA:17,3
DA:18,2
DA:20,2
DA:26,2
DA:28,2
DA:29,1
DA:31,1
DA:39,1
DA:42,1
DA:43,1
LF:16
LH:16
BRDA:17,0,0,2
BRDA:17,0,1,1
BRF:2
BRH:2
end_of_record
TN:
SF:testFunctions\callContactNumber.js
FN:8,(anonymous_0)
FN:13,(anonymous_1)
FNF:2
FNH:2
FNDA:5,(anonymous_0)
FNDA:5,(anonymous_1)
DA:5,1
DA:8,5
DA:13,1
DA:14,5
DA:16,3
DA:17,3
DA:18,2
DA:19,2
DA:21,1
DA:24,2
DA:28,1
LF:11
LH:11
BRDA:14,0,0,3
BRDA:14,0,1,2
BRDA:14,1,0,5
BRDA:14,1,1,3
BRDA:14,1,2,3
BRDA:17,2,0,2
BRDA:17,2,1,1
BRF:7
BRH:7
end_of_record
TN:
SF:testFunctions\deleteContactNumber.js
FN:6,deleteContactNumber1
FN:15,deleteContactNumber2
FN:24,deleteContactNumber3
FN:34,deleteCallNumber
FNF:4
FNH:4
FNDA:2,deleteContactNumber1
FNDA:2,deleteContactNumber2
FNDA:2,deleteContactNumber3
FNDA:2,deleteCallNumber
DA:4,1
DA:7,2
DA:8,1
DA:9,1
DA:10,1
DA:12,1
DA:16,2
DA:17,1
DA:18,1
DA:19,1
DA:21,1
DA:25,2
DA:26,1
DA:27,1
DA:28,1
DA:30,1
DA:35,2
DA:36,1
DA:37,1
DA:38,1
DA:40,1
DA:44,1
LF:22
LH:22
BRDA:7,0,0,1
BRDA:7,0,1,1
BRDA:16,1,0,1
BRDA:16,1,1,1
BRDA:25,2,0,1
BRDA:25,2,1,1
BRDA:35,3,0,1
BRDA:35,3,1,1
BRF:8
BRH:8
end_of_record
TN:
SF:testFunctions\updateContactNumber.js
FN:6,(anonymous_0)
FN:11,(anonymous_1)
FN:11,(anonymous_2)
FN:19,(anonymous_3)
FN:26,(anonymous_4)
FN:26,(anonymous_5)
FN:34,(anonymous_6)
FN:41,(anonymous_7)
FN:41,(anonymous_8)
FN:49,(anonymous_9)
FNF:10
FNH:10
FNDA:6,(anonymous_0)
FNDA:2,(anonymous_1)
FNDA:2,(anonymous_2)
FNDA:1,(anonymous_3)
FNDA:2,(anonymous_4)
FNDA:2,(anonymous_5)
FNDA:1,(anonymous_6)
FNDA:2,(anonymous_7)
FNDA:2,(anonymous_8)
FNDA:1,(anonymous_9)
DA:4,1
DA:6,6
DA:11,2
DA:12,2
DA:13,1
DA:19,1
DA:21,1
DA:22,1
DA:26,2
DA:27,2
DA:28,1
DA:34,1
DA:36,1
DA:37,1
DA:41,2
DA:42,2
DA:43,1
DA:49,1
DA:51,1
DA:52,1
DA:56,1
LF:21
LH:21
BRDA:12,0,0,1
BRDA:12,0,1,1
BRDA:27,1,0,1
BRDA:27,1,1,1
BRDA:42,2,0,1
BRDA:42,2,1,1
BRF:6
BRH:6
end_of_record
TN:
SF:testFunctions\userRegister.js
FN:6,(anonymous_0)
FN:17,isEmail
FN:25,(anonymous_2)
FN:25,(anonymous_3)
FN:33,(anonymous_4)
FNF:5
FNH:5
FNDA:4,(anonymous_0)
FNDA:3,isEmail
FNDA:3,(anonymous_2)
FNDA:3,(anonymous_3)
FNDA:4,(anonymous_4)
DA:4,1
DA:6,1
DA:7,4
DA:8,4
DA:9,2
DA:10,2
DA:11,2
DA:13,2
DA:18,3
DA:25,3
DA:26,3
DA:27,2
DA:29,1
DA:33,1
DA:34,4
DA:35,1
DA:36,1
DA:38,3
DA:42,1
LF:19
LH:19
BRDA:8,0,0,2
BRDA:8,0,1,2
BRDA:26,1,0,2
BRDA:26,1,1,1
BRDA:34,2,0,1
BRDA:34,2,1,3
BRDA:34,3,0,4
BRDA:34,3,1,2
BRDA:34,3,2,1
BRF:9
BRH:9
end_of_record
TN:
SF:testFunctions\viewContactNumber.js
FN:10,viewNumber
FNF:1
FNH:1
FNDA:3,viewNumber
DA:2,1
DA:11,3
DA:12,2
DA:13,2
DA:15,1
DA:19,1
LF:6
LH:6
BRDA:11,0,0,2
BRDA:11,0,1,1
BRF:2
BRH:2
end_of_record
